0 info it worked if it ends with ok
1 verbose cli [ 'node', '/usr/local/bin/npm', 'install', 'director', '--save' ]
2 info using npm@2.7.4
3 info using node@v0.12.2
4 silly cache add args [ 'director', null ]
5 verbose cache add spec director
6 silly cache add parsed spec { raw: 'director',
6 silly cache add   scope: null,
6 silly cache add   name: 'director',
6 silly cache add   rawSpec: '',
6 silly cache add   spec: '*',
6 silly cache add   type: 'range' }
7 verbose addNamed director@*
8 silly addNamed semver.valid null
9 silly addNamed semver.validRange *
10 silly addNameRange { name: 'director', range: '*', hasData: false }
11 silly mapToRegistry name director
12 silly mapToRegistry using default registry
13 silly mapToRegistry registry https://registry.npmjs.org/
14 silly mapToRegistry uri https://registry.npmjs.org/director
15 verbose addNameRange registry:https://registry.npmjs.org/director not in flight; fetching
16 verbose request uri https://registry.npmjs.org/director
17 verbose request no auth needed
18 info attempt registry request try #1 at 13:57:54
19 verbose request id 968d8719495bb28c
20 verbose etag "8HJ7RNT2JE5M8JWERW2WML8DS"
21 http request GET https://registry.npmjs.org/director
22 http 304 https://registry.npmjs.org/director
23 silly get cb [ 304,
23 silly get   { date: 'Fri, 09 Oct 2015 05:57:56 GMT',
23 silly get     via: '1.1 varnish',
23 silly get     'cache-control': 'max-age=60',
23 silly get     etag: '"8HJ7RNT2JE5M8JWERW2WML8DS"',
23 silly get     age: '51',
23 silly get     connection: 'keep-alive',
23 silly get     'x-served-by': 'cache-sjc3133-SJC',
23 silly get     'x-cache': 'HIT',
23 silly get     'x-cache-hits': '1',
23 silly get     'x-timer': 'S1444370276.084540,VS0,VE0',
23 silly get     vary: 'Accept' } ]
24 verbose etag https://registry.npmjs.org/director from cache
25 verbose get saving director to /Users/andy/.npm/registry.npmjs.org/director/.cache.json
26 silly addNameRange number 2 { name: 'director', range: '*', hasData: true }
27 silly addNameRange versions [ 'director',
27 silly addNameRange   [ '1.0.2',
27 silly addNameRange     '1.0.3',
27 silly addNameRange     '1.0.4',
27 silly addNameRange     '1.0.5',
27 silly addNameRange     '1.0.6',
27 silly addNameRange     '1.0.7',
27 silly addNameRange     '1.0.8',
27 silly addNameRange     '1.0.9',
27 silly addNameRange     '1.0.9-1',
27 silly addNameRange     '1.0.10',
27 silly addNameRange     '1.0.11',
27 silly addNameRange     '1.1.0',
27 silly addNameRange     '1.1.1',
27 silly addNameRange     '1.1.2',
27 silly addNameRange     '1.1.3',
27 silly addNameRange     '1.1.4',
27 silly addNameRange     '1.1.6',
27 silly addNameRange     '1.1.7',
27 silly addNameRange     '1.1.8',
27 silly addNameRange     '1.1.9',
27 silly addNameRange     '1.1.10',
27 silly addNameRange     '1.2.0',
27 silly addNameRange     '1.2.1',
27 silly addNameRange     '1.2.2',
27 silly addNameRange     '1.2.3',
27 silly addNameRange     '1.2.5',
27 silly addNameRange     '1.2.6',
27 silly addNameRange     '1.2.7',
27 silly addNameRange     '1.2.8' ] ]
28 verbose addNamed director@1.2.8
29 silly addNamed semver.valid 1.2.8
30 silly addNamed semver.validRange 1.2.8
31 silly cache afterAdd director@1.2.8
32 verbose afterAdd /Users/andy/.npm/director/1.2.8/package/package.json not in flight; writing
33 verbose afterAdd /Users/andy/.npm/director/1.2.8/package/package.json written
34 silly install resolved [ { name: 'director',
34 silly install resolved     description: 'A client Side/Server Side Router',
34 silly install resolved     author: { name: 'Charlie Robbins', email: 'charlie.robbins@gmail.com' },
34 silly install resolved     version: '1.2.8',
34 silly install resolved     maintainers: [ [Object], [Object], [Object] ],
34 silly install resolved     repository: { type: 'git', url: 'http://github.com/flatiron/director.git' },
34 silly install resolved     keywords:
34 silly install resolved      [ 'URL',
34 silly install resolved        'router',
34 silly install resolved        'http',
34 silly install resolved        'cli',
34 silly install resolved        'flatiron',
34 silly install resolved        'client side',
34 silly install resolved        'ender' ],
34 silly install resolved     devDependencies:
34 silly install resolved      { 'api-easy': '0.4.x',
34 silly install resolved        codesurgeon: 'https://github.com/hij1nx/codesurgeon/tarball/master',
34 silly install resolved        colors: '1.0.x',
34 silly install resolved        qunitjs: '1.9.x',
34 silly install resolved        request: '2.49.x',
34 silly install resolved        'uglify-js': '2.4.x',
34 silly install resolved        vows: '0.8.0' },
34 silly install resolved     ender: './build/ender.js',
34 silly install resolved     browserify: './build/director',
34 silly install resolved     main: './lib/director',
34 silly install resolved     engines: { node: '>= 0.8.0' },
34 silly install resolved     scripts: { test: 'vows test/server/*/*-test.js --spec' },
34 silly install resolved     gitHead: 'b507baed25cfd38307808ea41a0d6305ee6e1ebf',
34 silly install resolved     bugs: { url: 'https://github.com/flatiron/director/issues' },
34 silly install resolved     homepage: 'https://github.com/flatiron/director',
34 silly install resolved     _id: 'director@1.2.8',
34 silly install resolved     _shasum: 'c6d9b4dd890e9aff5365183fe9cc8e73994cf2d5',
34 silly install resolved     _from: 'director@*',
34 silly install resolved     _npmVersion: '2.1.7',
34 silly install resolved     _nodeVersion: '0.8.27',
34 silly install resolved     _npmUser: { name: 'jcrugzz', email: 'jcrugzz@gmail.com' },
34 silly install resolved     dist:
34 silly install resolved      { shasum: 'c6d9b4dd890e9aff5365183fe9cc8e73994cf2d5',
34 silly install resolved        tarball: 'http://registry.npmjs.org/director/-/director-1.2.8.tgz' },
34 silly install resolved     directories: {},
34 silly install resolved     _resolved: 'https://registry.npmjs.org/director/-/director-1.2.8.tgz',
34 silly install resolved     readme: 'ERROR: No README data found!' } ]
35 info install director@1.2.8 into /Users/andy/yunyin_fe
36 info installOne director@1.2.8
37 verbose installOne of director to /Users/andy/yunyin_fe not in flight; installing
38 verbose lock using /Users/andy/.npm/_locks/director-3e409d32a0819527.lock for /Users/andy/yunyin_fe/node_modules/director
39 silly install write writing director 1.2.8 to /Users/andy/yunyin_fe/node_modules/director
40 silly cache addNamed cb director@1.2.8
41 verbose unbuild node_modules/director
42 silly gentlyRm /Users/andy/yunyin_fe/node_modules/director is being purged from base /Users/andy/yunyin_fe
43 verbose gentlyRm don't care about contents; nuking /Users/andy/yunyin_fe/node_modules/director
44 verbose tar unpack /Users/andy/.npm/director/1.2.8/package.tgz
45 verbose tar unpacking to /Users/andy/yunyin_fe/node_modules/director
46 silly gentlyRm /Users/andy/yunyin_fe/node_modules/director is being purged
47 verbose gentlyRm don't care about contents; nuking /Users/andy/yunyin_fe/node_modules/director
48 silly gunzTarPerm modes [ '755', '644' ]
49 silly gunzTarPerm extractEntry package.json
50 silly gunzTarPerm extractEntry .npmignore
51 silly gunzTarPerm extractEntry README.md
52 silly gunzTarPerm extractEntry LICENSE
53 silly gunzTarPerm extractEntry bin/build
54 silly gunzTarPerm extractEntry bower.json
55 silly gunzTarPerm extractEntry .travis.yml
56 silly gunzTarPerm extractEntry examples/http.js
57 silly gunzTarPerm extractEntry img/director.png
58 silly gunzTarPerm extractEntry img/hashRoute.png
59 silly gunzTarPerm extractEntry lib/director.js
60 silly gunzTarPerm extractEntry lib/director/browser.js
61 silly gunzTarPerm extractEntry lib/director/cli.js
62 silly gunzTarPerm extractEntry lib/director/router.js
63 silly gunzTarPerm extractEntry lib/director/http/index.js
64 silly gunzTarPerm extractEntry lib/director/http/methods.js
65 silly gunzTarPerm extractEntry lib/director/http/responses.js
66 silly gunzTarPerm extractEntry test/browser/html5-routes-test.js
67 silly gunzTarPerm extractEntry test/browser/routes-test.js
68 silly gunzTarPerm extractEntry test/browser/backend/backend.js
69 silly gunzTarPerm extractEntry test/browser/browserify-harness.html
70 silly gunzTarPerm extractEntry test/browser/helpers/api.js
71 silly gunzTarPerm extractEntry test/browser/html5-routes-harness.html
72 silly gunzTarPerm extractEntry test/browser/routes-harness.html
73 silly gunzTarPerm extractEntry test/server/cli/dispatch-test.js
74 silly gunzTarPerm extractEntry test/server/cli/mount-test.js
75 silly gunzTarPerm extractEntry test/server/cli/path-test.js
76 silly gunzTarPerm extractEntry test/server/core/dispatch-test.js
77 silly gunzTarPerm extractEntry test/server/core/insert-test.js
78 silly gunzTarPerm extractEntry test/server/core/mount-test.js
79 silly gunzTarPerm extractEntry test/server/core/on-test.js
80 silly gunzTarPerm extractEntry test/server/core/path-test.js
81 silly gunzTarPerm extractEntry test/server/core/regifystring-test.js
82 silly gunzTarPerm extractEntry test/server/helpers/index.js
83 silly gunzTarPerm extractEntry test/server/helpers/macros.js
84 silly gunzTarPerm extractEntry test/server/http/accept-test.js
85 silly gunzTarPerm extractEntry test/server/http/attach-test.js
86 silly gunzTarPerm extractEntry test/server/http/before-test.js
87 silly gunzTarPerm extractEntry test/server/http/configure-test.js
88 silly gunzTarPerm extractEntry test/server/http/http-test.js
89 silly gunzTarPerm extractEntry test/server/http/methods-test.js
90 silly gunzTarPerm extractEntry test/server/http/recursion-test.js
91 silly gunzTarPerm extractEntry test/server/http/responses-test.js
92 silly gunzTarPerm extractEntry test/server/http/stream-test.js
93 silly gunzTarPerm extractEntry build/director.js
94 silly gunzTarPerm extractEntry build/director.min.js
95 silly gunzTarPerm extractEntry build/ender.js
96 info preinstall director@1.2.8
97 silly install resolved []
98 verbose about to build /Users/andy/yunyin_fe/node_modules/director
99 info build /Users/andy/yunyin_fe/node_modules/director
100 verbose linkStuff [ false, false, false, '/Users/andy/yunyin_fe/node_modules' ]
101 info linkStuff director@1.2.8
102 verbose linkBins director@1.2.8
103 verbose linkMans director@1.2.8
104 verbose rebuildBundles director@1.2.8
105 info install director@1.2.8
106 info postinstall director@1.2.8
107 verbose unlock done using /Users/andy/.npm/_locks/director-3e409d32a0819527.lock for /Users/andy/yunyin_fe/node_modules/director
108 verbose stack Error: The package css-loader does not satisfy its siblings' peerDependencies requirements!
108 verbose stack     at /usr/local/lib/node_modules/npm/lib/install.js:125:32
108 verbose stack     at /usr/local/lib/node_modules/npm/lib/install.js:264:7
108 verbose stack     at /usr/local/lib/node_modules/npm/node_modules/read-installed/read-installed.js:138:5
108 verbose stack     at /usr/local/lib/node_modules/npm/node_modules/read-installed/read-installed.js:251:14
108 verbose stack     at cb (/usr/local/lib/node_modules/npm/node_modules/slide/lib/async-map.js:47:24)
108 verbose stack     at /usr/local/lib/node_modules/npm/node_modules/read-installed/read-installed.js:251:14
108 verbose stack     at cb (/usr/local/lib/node_modules/npm/node_modules/slide/lib/async-map.js:47:24)
108 verbose stack     at /usr/local/lib/node_modules/npm/node_modules/read-installed/read-installed.js:251:14
108 verbose stack     at cb (/usr/local/lib/node_modules/npm/node_modules/slide/lib/async-map.js:47:24)
108 verbose stack     at /usr/local/lib/node_modules/npm/node_modules/read-installed/read-installed.js:251:14
109 verbose cwd /Users/andy/yunyin_fe
110 error Darwin 14.4.0
111 error argv "node" "/usr/local/bin/npm" "install" "director" "--save"
112 error node v0.12.2
113 error npm  v2.7.4
114 error code EPEERINVALID
115 error peerinvalid The package css-loader does not satisfy its siblings' peerDependencies requirements!
115 error peerinvalid Peer vue-loader@2.1.1 wants css-loader@^0.15.4
116 verbose exit [ 1, true ]
